<?xml version="1.0" encoding="UTF-8"?>
<!-- Generated by org.testng.reporters.JUnitXMLReporter -->
<testsuite ignored="9" hostname="DESKTOP-75G1BKT" failures="0" tests="10" name="Test" time="205.109" errors="0" timestamp="2024-12-14T14:31:12 IST">
  <testcase classname="test.TC_001_RegisterTest" name="LoginTest" time="19.778"/>
  <testcase classname="test.TC_002_LoginTest" name="LoginTest" time="13.826"/>
  <testcase classname="test.TC_005_InvalidLocationTest" name="InvalidLocationTest" time="3.633"/>
  <testcase classname="test.TC_006_InvalidFirstNameBook" name="InvalidFirstNameTest" time="10.104"/>
  <testcase classname="test.TC_011_InvalidNotSelectRooms" name="InvalidSelectRoom" time="3.981"/>
  <testcase classname="test.TC_012_InvalidNotSelectAdultRoom" name="InvalidSelectAdultRooms" time="4.869"/>
  <testcase classname="test.TC_007_InvalidLastNameBook" name="InvalidLastNameTest" time="7.946"/>
  <testcase classname="test.TC_008_InvalidSelectCreditCard" name="InvalidSelectCreditCard" time="8.372"/>
  <testcase classname="test.TC_009_InvalidSelectDateYear" name="InvalidSelectDate" time="9.661"/>
  <testcase classname="test.TC_010_InvalidCvvNumBook" name="InvalidCvvNum" time="8.565"/>
  <testcase classname="base.ProjectSpecificationMethod" name="@BeforeSuite reportInitilization" time="0.0">
    <ignored/>
  </testcase> <!-- @BeforeSuite reportInitilization -->
  <testcase classname="base.ProjectSpecificationMethod" name="@BeforeSuite reportInitilization" time="0.0">
    <ignored/>
  </testcase> <!-- @BeforeSuite reportInitilization -->
  <testcase classname="base.ProjectSpecificationMethod" name="@BeforeSuite reportInitilization" time="0.0">
    <ignored/>
  </testcase> <!-- @BeforeSuite reportInitilization -->
  <testcase classname="base.ProjectSpecificationMethod" name="@BeforeSuite reportInitilization" time="0.0">
    <ignored/>
  </testcase> <!-- @BeforeSuite reportInitilization -->
  <testcase classname="base.ProjectSpecificationMethod" name="@BeforeSuite reportInitilization" time="0.0">
    <ignored/>
  </testcase> <!-- @BeforeSuite reportInitilization -->
  <testcase classname="base.ProjectSpecificationMethod" name="@BeforeSuite reportInitilization" time="0.0">
    <ignored/>
  </testcase> <!-- @BeforeSuite reportInitilization -->
  <testcase classname="base.ProjectSpecificationMethod" name="@BeforeSuite reportInitilization" time="0.0">
    <ignored/>
  </testcase> <!-- @BeforeSuite reportInitilization -->
  <testcase classname="base.ProjectSpecificationMethod" name="@BeforeSuite reportInitilization" time="0.0">
    <ignored/>
  </testcase> <!-- @BeforeSuite reportInitilization -->
  <testcase classname="base.ProjectSpecificationMethod" name="@BeforeSuite reportInitilization" time="0.0">
    <ignored/>
  </testcase> <!-- @BeforeSuite reportInitilization -->
</testsuite> <!-- Test -->
