<?xml version="1.0" encoding="UTF-8"?>
<!-- Generated by org.testng.reporters.JUnitXMLReporter -->
<testsuite ignored="9" hostname="DESKTOP-75G1BKT" failures="0" tests="10" name="Test" time="236.519" errors="0" timestamp="2024-12-14T15:02:33 IST">
  <testcase classname="test.TC_001_RegisterTest" name="RegisterTest" time="37.036"/>
  <testcase classname="test.TC_002_LoginTest" name="LoginTest" time="13.409"/>
  <testcase classname="test.TC_005_InvalidLocationTest" name="InvalidLocationTest" time="3.307"/>
  <testcase classname="test.TC_006_InvalidFirstNameBook" name="InvalidFirstNameTest" time="6.75"/>
  <testcase classname="test.TC_011_InvalidNotSelectRooms" name="InvalidSelectRoom" time="3.076"/>
  <testcase classname="test.TC_012_InvalidNotSelectAdultRoom" name="InvalidSelectAdultRooms" time="4.375"/>
  <testcase classname="test.TC_007_InvalidLastNameBook" name="InvalidLastNameTest" time="5.794"/>
  <testcase classname="test.TC_008_InvalidSelectCreditCard" name="InvalidSelectCreditCard" time="6.759"/>
  <testcase classname="test.TC_009_InvalidSelectDateYear" name="InvalidSelectDate" time="6.458"/>
  <testcase classname="test.TC_010_InvalidCvvNumBook" name="InvalidCvvNum" time="7.315"/>
  <testcase classname="base.ProjectSpecificationMethod" name="@BeforeSuite reportInitilization" time="0.0">
    <ignored/>
  </testcase> <!-- @BeforeSuite reportInitilization -->
  <testcase classname="base.ProjectSpecificationMethod" name="@BeforeSuite reportInitilization" time="0.0">
    <ignored/>
  </testcase> <!-- @BeforeSuite reportInitilization -->
  <testcase classname="base.ProjectSpecificationMethod" name="@BeforeSuite reportInitilization" time="0.0">
    <ignored/>
  </testcase> <!-- @BeforeSuite reportInitilization -->
  <testcase classname="base.ProjectSpecificationMethod" name="@BeforeSuite reportInitilization" time="0.0">
    <ignored/>
  </testcase> <!-- @BeforeSuite reportInitilization -->
  <testcase classname="base.ProjectSpecificationMethod" name="@BeforeSuite reportInitilization" time="0.0">
    <ignored/>
  </testcase> <!-- @BeforeSuite reportInitilization -->
  <testcase classname="base.ProjectSpecificationMethod" name="@BeforeSuite reportInitilization" time="0.0">
    <ignored/>
  </testcase> <!-- @BeforeSuite reportInitilization -->
  <testcase classname="base.ProjectSpecificationMethod" name="@BeforeSuite reportInitilization" time="0.0">
    <ignored/>
  </testcase> <!-- @BeforeSuite reportInitilization -->
  <testcase classname="base.ProjectSpecificationMethod" name="@BeforeSuite reportInitilization" time="0.0">
    <ignored/>
  </testcase> <!-- @BeforeSuite reportInitilization -->
  <testcase classname="base.ProjectSpecificationMethod" name="@BeforeSuite reportInitilization" time="0.0">
    <ignored/>
  </testcase> <!-- @BeforeSuite reportInitilization -->
</testsuite> <!-- Test -->
