<?xml version="1.0" encoding="UTF-8"?>
<testng-results ignored="0" total="10" passed="10" failed="0" skipped="0">
  <reporter-output>
  </reporter-output>
  <suite started-at="2024-12-14T14:58:36 IST" name="Suite" finished-at="2024-12-14T15:02:32 IST" duration-ms="236519">
    <groups>
    </groups>
    <test started-at="2024-12-14T14:58:36 IST" name="Test" finished-at="2024-12-14T15:02:32 IST" duration-ms="236519">
      <class name="test.TC_002_LoginTest">
        <test-method is-config="true" signature="data()[pri:0, instance:test.TC_002_LoginTest@5b12b668]" started-at="2024-12-14T14:58:36 IST" name="data" finished-at="2024-12-14T14:58:36 IST" duration-ms="2" status="PASS">
          <reporter-output>
          </reporter-output>
        </test-method> <!-- data -->
        <test-method is-config="true" signature="launchLoadUrl(java.lang.String,java.lang.String)[pri:0, instance:test.TC_002_LoginTest@5b12b668]" started-at="2024-12-14T14:59:31 IST" name="launchLoadUrl" finished-at="2024-12-14T14:59:35 IST" duration-ms="4648" status="PASS">
          <params>
            <param index="0">
              <value>
                <![CDATA[https://adactinhotelapp.com/HotelAppBuild2/index.php]]>
              </value>
            </param>
            <param index="1">
              <value>
                <![CDATA[Chrome]]>
              </value>
            </param>
          </params>
          <reporter-output>
          </reporter-output>
        </test-method> <!-- launchLoadUrl -->
        <test-method signature="LoginTest(java.lang.String,java.lang.String,java.lang.String,java.lang.String,java.lang.String,java.lang.String,java.lang.String,java.lang.String,java.lang.String,java.lang.String,java.lang.String)[pri:0, instance:test.TC_002_LoginTest@5b12b668]" started-at="2024-12-14T14:59:35 IST" name="LoginTest" data-provider="excelRead" finished-at="2024-12-14T14:59:49 IST" duration-ms="13409" status="PASS">
          <params>
            <param index="0">
              <value>
                <![CDATA[Harishscar]]>
              </value>
            </param>
            <param index="1">
              <value>
                <![CDATA[Harish@241552]]>
              </value>
            </param>
            <param index="2">
              <value>
                <![CDATA[ValidEmailandValidPassword]]>
              </value>
            </param>
            <param index="3">
              <value>
                <![CDATA[Hello Harishscar!]]>
              </value>
            </param>
            <param index="4">
              <value>
                <![CDATA[14/05/2025]]>
              </value>
            </param>
            <param index="5">
              <value>
                <![CDATA[17/05/2025]]>
              </value>
            </param>
            <param index="6">
              <value>
                <![CDATA[trendbount]]>
              </value>
            </param>
            <param index="7">
              <value>
                <![CDATA[shp]]>
              </value>
            </param>
            <param index="8">
              <value>
                <![CDATA[north street]]>
              </value>
            </param>
            <param index="9">
              <value>
                <![CDATA[9584231546987450]]>
              </value>
            </param>
            <param index="10">
              <value>
                <![CDATA[562]]>
              </value>
            </param>
          </params>
          <reporter-output>
          </reporter-output>
        </test-method> <!-- LoginTest -->
        <test-method is-config="true" signature="closeLauncher()[pri:0, instance:test.TC_002_LoginTest@5b12b668]" started-at="2024-12-14T14:59:49 IST" name="closeLauncher" finished-at="2024-12-14T15:00:01 IST" duration-ms="11954" status="PASS">
          <reporter-output>
          </reporter-output>
        </test-method> <!-- closeLauncher -->
      </class> <!-- test.TC_002_LoginTest -->
      <class name="test.TC_005_InvalidLocationTest">
        <test-method is-config="true" signature="data()[pri:0, instance:test.TC_005_InvalidLocationTest@1165b38]" started-at="2024-12-14T14:58:36 IST" name="data" finished-at="2024-12-14T14:58:36 IST" duration-ms="1" status="PASS">
          <reporter-output>
          </reporter-output>
        </test-method> <!-- data -->
        <test-method is-config="true" signature="launchLoadUrl(java.lang.String,java.lang.String)[pri:0, instance:test.TC_005_InvalidLocationTest@1165b38]" started-at="2024-12-14T15:00:01 IST" name="launchLoadUrl" finished-at="2024-12-14T15:00:06 IST" duration-ms="4541" status="PASS">
          <params>
            <param index="0">
              <value>
                <![CDATA[https://adactinhotelapp.com/HotelAppBuild2/index.php]]>
              </value>
            </param>
            <param index="1">
              <value>
                <![CDATA[Chrome]]>
              </value>
            </param>
          </params>
          <reporter-output>
          </reporter-output>
        </test-method> <!-- launchLoadUrl -->
        <test-method signature="InvalidLocationTest(java.lang.String,java.lang.String,java.lang.String,java.lang.String,java.lang.String,java.lang.String,java.lang.String,java.lang.String,java.lang.String,java.lang.String,java.lang.String)[pri:0, instance:test.TC_005_InvalidLocationTest@1165b38]" started-at="2024-12-14T15:00:06 IST" name="InvalidLocationTest" data-provider="excelRead" finished-at="2024-12-14T15:00:09 IST" duration-ms="3307" status="PASS">
          <params>
            <param index="0">
              <value>
                <![CDATA[Harishscar]]>
              </value>
            </param>
            <param index="1">
              <value>
                <![CDATA[Harish@241552]]>
              </value>
            </param>
            <param index="2">
              <value>
                <![CDATA[ValidEmailandValidPassword]]>
              </value>
            </param>
            <param index="3">
              <value>
                <![CDATA[Hello Harishscar!]]>
              </value>
            </param>
            <param index="4">
              <value>
                <![CDATA[14/05/2025]]>
              </value>
            </param>
            <param index="5">
              <value>
                <![CDATA[17/05/2025]]>
              </value>
            </param>
            <param index="6">
              <value>
                <![CDATA[trendbount]]>
              </value>
            </param>
            <param index="7">
              <value>
                <![CDATA[shp]]>
              </value>
            </param>
            <param index="8">
              <value>
                <![CDATA[north street]]>
              </value>
            </param>
            <param index="9">
              <value>
                <![CDATA[9584231546987450]]>
              </value>
            </param>
            <param index="10">
              <value>
                <![CDATA[562]]>
              </value>
            </param>
          </params>
          <reporter-output>
          </reporter-output>
        </test-method> <!-- InvalidLocationTest -->
        <test-method is-config="true" signature="closeLauncher()[pri:0, instance:test.TC_005_InvalidLocationTest@1165b38]" started-at="2024-12-14T15:00:09 IST" name="closeLauncher" finished-at="2024-12-14T15:00:47 IST" duration-ms="38097" status="PASS">
          <reporter-output>
          </reporter-output>
        </test-method> <!-- closeLauncher -->
      </class> <!-- test.TC_005_InvalidLocationTest -->
      <class name="test.TC_007_InvalidLastNameBook">
        <test-method is-config="true" signature="data()[pri:0, instance:test.TC_007_InvalidLastNameBook@815b41f]" started-at="2024-12-14T14:58:36 IST" name="data" finished-at="2024-12-14T14:58:36 IST" duration-ms="1" status="PASS">
          <reporter-output>
          </reporter-output>
        </test-method> <!-- data -->
        <test-method is-config="true" signature="launchLoadUrl(java.lang.String,java.lang.String)[pri:0, instance:test.TC_007_InvalidLastNameBook@815b41f]" started-at="2024-12-14T15:01:34 IST" name="launchLoadUrl" finished-at="2024-12-14T15:01:39 IST" duration-ms="4606" status="PASS">
          <params>
            <param index="0">
              <value>
                <![CDATA[https://adactinhotelapp.com/HotelAppBuild2/index.php]]>
              </value>
            </param>
            <param index="1">
              <value>
                <![CDATA[Chrome]]>
              </value>
            </param>
          </params>
          <reporter-output>
          </reporter-output>
        </test-method> <!-- launchLoadUrl -->
        <test-method signature="InvalidLastNameTest(java.lang.String,java.lang.String,java.lang.String,java.lang.String,java.lang.String,java.lang.String,java.lang.String,java.lang.String,java.lang.String,java.lang.String,java.lang.String)[pri:0, instance:test.TC_007_InvalidLastNameBook@815b41f]" started-at="2024-12-14T15:01:39 IST" name="InvalidLastNameTest" data-provider="excelRead" finished-at="2024-12-14T15:01:44 IST" duration-ms="5794" status="PASS">
          <params>
            <param index="0">
              <value>
                <![CDATA[Harishscar]]>
              </value>
            </param>
            <param index="1">
              <value>
                <![CDATA[Harish@241552]]>
              </value>
            </param>
            <param index="2">
              <value>
                <![CDATA[ValidEmailandValidPassword]]>
              </value>
            </param>
            <param index="3">
              <value>
                <![CDATA[Hello Harishscar!]]>
              </value>
            </param>
            <param index="4">
              <value>
                <![CDATA[14/05/2025]]>
              </value>
            </param>
            <param index="5">
              <value>
                <![CDATA[17/05/2025]]>
              </value>
            </param>
            <param index="6">
              <value>
                <![CDATA[trendbount]]>
              </value>
            </param>
            <param index="7">
              <value>
                <![CDATA[shp]]>
              </value>
            </param>
            <param index="8">
              <value>
                <![CDATA[north street]]>
              </value>
            </param>
            <param index="9">
              <value>
                <![CDATA[9584231546987450]]>
              </value>
            </param>
            <param index="10">
              <value>
                <![CDATA[562]]>
              </value>
            </param>
          </params>
          <reporter-output>
          </reporter-output>
        </test-method> <!-- InvalidLastNameTest -->
        <test-method is-config="true" signature="closeLauncher()[pri:0, instance:test.TC_007_InvalidLastNameBook@815b41f]" started-at="2024-12-14T15:01:44 IST" name="closeLauncher" finished-at="2024-12-14T15:01:50 IST" duration-ms="5906" status="PASS">
          <reporter-output>
          </reporter-output>
        </test-method> <!-- closeLauncher -->
      </class> <!-- test.TC_007_InvalidLastNameBook -->
      <class name="test.TC_010_InvalidCvvNumBook">
        <test-method is-config="true" signature="data()[pri:0, instance:test.TC_010_InvalidCvvNumBook@6150c3ec]" started-at="2024-12-14T14:58:36 IST" name="data" finished-at="2024-12-14T14:58:36 IST" duration-ms="0" status="PASS">
          <reporter-output>
          </reporter-output>
        </test-method> <!-- data -->
        <test-method is-config="true" signature="launchLoadUrl(java.lang.String,java.lang.String)[pri:0, instance:test.TC_010_InvalidCvvNumBook@6150c3ec]" started-at="2024-12-14T15:02:19 IST" name="launchLoadUrl" finished-at="2024-12-14T15:02:23 IST" duration-ms="4328" status="PASS">
          <params>
            <param index="0">
              <value>
                <![CDATA[https://adactinhotelapp.com/HotelAppBuild2/index.php]]>
              </value>
            </param>
            <param index="1">
              <value>
                <![CDATA[Chrome]]>
              </value>
            </param>
          </params>
          <reporter-output>
          </reporter-output>
        </test-method> <!-- launchLoadUrl -->
        <test-method signature="InvalidCvvNum(java.lang.String,java.lang.String,java.lang.String,java.lang.String,java.lang.String,java.lang.String,java.lang.String,java.lang.String,java.lang.String,java.lang.String,java.lang.String)[pri:0, instance:test.TC_010_InvalidCvvNumBook@6150c3ec]" started-at="2024-12-14T15:02:23 IST" name="InvalidCvvNum" data-provider="excelRead" finished-at="2024-12-14T15:02:31 IST" duration-ms="7315" status="PASS">
          <params>
            <param index="0">
              <value>
                <![CDATA[Harishscar]]>
              </value>
            </param>
            <param index="1">
              <value>
                <![CDATA[Harish@241552]]>
              </value>
            </param>
            <param index="2">
              <value>
                <![CDATA[ValidEmailandValidPassword]]>
              </value>
            </param>
            <param index="3">
              <value>
                <![CDATA[Hello Harishscar!]]>
              </value>
            </param>
            <param index="4">
              <value>
                <![CDATA[14/05/2025]]>
              </value>
            </param>
            <param index="5">
              <value>
                <![CDATA[17/05/2025]]>
              </value>
            </param>
            <param index="6">
              <value>
                <![CDATA[trendbount]]>
              </value>
            </param>
            <param index="7">
              <value>
                <![CDATA[shp]]>
              </value>
            </param>
            <param index="8">
              <value>
                <![CDATA[north street]]>
              </value>
            </param>
            <param index="9">
              <value>
                <![CDATA[9584231546987450]]>
              </value>
            </param>
            <param index="10">
              <value>
                <![CDATA[562]]>
              </value>
            </param>
          </params>
          <reporter-output>
          </reporter-output>
        </test-method> <!-- InvalidCvvNum -->
        <test-method is-config="true" signature="closeLauncher()[pri:0, instance:test.TC_010_InvalidCvvNumBook@6150c3ec]" started-at="2024-12-14T15:02:31 IST" name="closeLauncher" finished-at="2024-12-14T15:02:32 IST" duration-ms="1720" status="PASS">
          <reporter-output>
          </reporter-output>
        </test-method> <!-- closeLauncher -->
      </class> <!-- test.TC_010_InvalidCvvNumBook -->
      <class name="test.TC_001_RegisterTest">
        <test-method is-config="true" signature="reportInitilization()[pri:0, instance:test.TC_001_RegisterTest@40a4337a]" started-at="2024-12-14T14:58:35 IST" name="reportInitilization" finished-at="2024-12-14T14:58:36 IST" duration-ms="508" status="PASS">
          <reporter-output>
          </reporter-output>
        </test-method> <!-- reportInitilization -->
        <test-method is-config="true" signature="data()[pri:0, instance:test.TC_001_RegisterTest@40a4337a]" started-at="2024-12-14T14:58:36 IST" name="data" finished-at="2024-12-14T14:58:36 IST" duration-ms="19" status="PASS">
          <reporter-output>
          </reporter-output>
        </test-method> <!-- data -->
        <test-method is-config="true" signature="launchLoadUrl(java.lang.String,java.lang.String)[pri:0, instance:test.TC_001_RegisterTest@40a4337a]" started-at="2024-12-14T14:58:36 IST" name="launchLoadUrl" finished-at="2024-12-14T14:58:50 IST" duration-ms="14021" status="PASS">
          <params>
            <param index="0">
              <value>
                <![CDATA[https://adactinhotelapp.com/HotelAppBuild2/index.php]]>
              </value>
            </param>
            <param index="1">
              <value>
                <![CDATA[Chrome]]>
              </value>
            </param>
          </params>
          <reporter-output>
          </reporter-output>
        </test-method> <!-- launchLoadUrl -->
        <test-method signature="RegisterTest()[pri:0, instance:test.TC_001_RegisterTest@40a4337a]" started-at="2024-12-14T14:58:50 IST" name="RegisterTest" finished-at="2024-12-14T14:59:27 IST" duration-ms="37036" status="PASS">
          <reporter-output>
          </reporter-output>
        </test-method> <!-- RegisterTest -->
        <test-method is-config="true" signature="closeLauncher()[pri:0, instance:test.TC_001_RegisterTest@40a4337a]" started-at="2024-12-14T14:59:27 IST" name="closeLauncher" finished-at="2024-12-14T14:59:29 IST" duration-ms="1888" status="PASS">
          <reporter-output>
          </reporter-output>
        </test-method> <!-- closeLauncher -->
      </class> <!-- test.TC_001_RegisterTest -->
      <class name="test.TC_012_InvalidNotSelectAdultRoom">
        <test-method is-config="true" signature="data()[pri:0, instance:test.TC_012_InvalidNotSelectAdultRoom@3b69e7d1]" started-at="2024-12-14T14:58:36 IST" name="data" finished-at="2024-12-14T14:58:36 IST" duration-ms="0" status="PASS">
          <reporter-output>
          </reporter-output>
        </test-method> <!-- data -->
        <test-method is-config="true" signature="launchLoadUrl(java.lang.String,java.lang.String)[pri:0, instance:test.TC_012_InvalidNotSelectAdultRoom@3b69e7d1]" started-at="2024-12-14T15:01:20 IST" name="launchLoadUrl" finished-at="2024-12-14T15:01:25 IST" duration-ms="4519" status="PASS">
          <params>
            <param index="0">
              <value>
                <![CDATA[https://adactinhotelapp.com/HotelAppBuild2/index.php]]>
              </value>
            </param>
            <param index="1">
              <value>
                <![CDATA[Chrome]]>
              </value>
            </param>
          </params>
          <reporter-output>
          </reporter-output>
        </test-method> <!-- launchLoadUrl -->
        <test-method signature="InvalidSelectAdultRooms(java.lang.String,java.lang.String,java.lang.String,java.lang.String,java.lang.String,java.lang.String,java.lang.String,java.lang.String,java.lang.String,java.lang.String,java.lang.String)[pri:0, instance:test.TC_012_InvalidNotSelectAdultRoom@3b69e7d1]" started-at="2024-12-14T15:01:25 IST" name="InvalidSelectAdultRooms" data-provider="excelRead" finished-at="2024-12-14T15:01:29 IST" duration-ms="4375" status="PASS">
          <params>
            <param index="0">
              <value>
                <![CDATA[Harishscar]]>
              </value>
            </param>
            <param index="1">
              <value>
                <![CDATA[Harish@241552]]>
              </value>
            </param>
            <param index="2">
              <value>
                <![CDATA[ValidEmailandValidPassword]]>
              </value>
            </param>
            <param index="3">
              <value>
                <![CDATA[Hello Harishscar!]]>
              </value>
            </param>
            <param index="4">
              <value>
                <![CDATA[14/05/2025]]>
              </value>
            </param>
            <param index="5">
              <value>
                <![CDATA[17/05/2025]]>
              </value>
            </param>
            <param index="6">
              <value>
                <![CDATA[trendbount]]>
              </value>
            </param>
            <param index="7">
              <value>
                <![CDATA[shp]]>
              </value>
            </param>
            <param index="8">
              <value>
                <![CDATA[north street]]>
              </value>
            </param>
            <param index="9">
              <value>
                <![CDATA[9584231546987450]]>
              </value>
            </param>
            <param index="10">
              <value>
                <![CDATA[562]]>
              </value>
            </param>
          </params>
          <reporter-output>
          </reporter-output>
        </test-method> <!-- InvalidSelectAdultRooms -->
        <test-method is-config="true" signature="closeLauncher()[pri:0, instance:test.TC_012_InvalidNotSelectAdultRoom@3b69e7d1]" started-at="2024-12-14T15:01:29 IST" name="closeLauncher" finished-at="2024-12-14T15:01:34 IST" duration-ms="4815" status="PASS">
          <reporter-output>
          </reporter-output>
        </test-method> <!-- closeLauncher -->
      </class> <!-- test.TC_012_InvalidNotSelectAdultRoom -->
      <class name="test.TC_011_InvalidNotSelectRooms">
        <test-method is-config="true" signature="data()[pri:0, instance:test.TC_011_InvalidNotSelectRooms@7586beff]" started-at="2024-12-14T14:58:36 IST" name="data" finished-at="2024-12-14T14:58:36 IST" duration-ms="0" status="PASS">
          <reporter-output>
          </reporter-output>
        </test-method> <!-- data -->
        <test-method is-config="true" signature="launchLoadUrl(java.lang.String,java.lang.String)[pri:0, instance:test.TC_011_InvalidNotSelectRooms@7586beff]" started-at="2024-12-14T15:01:09 IST" name="launchLoadUrl" finished-at="2024-12-14T15:01:13 IST" duration-ms="4526" status="PASS">
          <params>
            <param index="0">
              <value>
                <![CDATA[https://adactinhotelapp.com/HotelAppBuild2/index.php]]>
              </value>
            </param>
            <param index="1">
              <value>
                <![CDATA[Chrome]]>
              </value>
            </param>
          </params>
          <reporter-output>
          </reporter-output>
        </test-method> <!-- launchLoadUrl -->
        <test-method signature="InvalidSelectRoom(java.lang.String,java.lang.String,java.lang.String,java.lang.String,java.lang.String,java.lang.String,java.lang.String,java.lang.String,java.lang.String,java.lang.String,java.lang.String)[pri:0, instance:test.TC_011_InvalidNotSelectRooms@7586beff]" started-at="2024-12-14T15:01:13 IST" name="InvalidSelectRoom" data-provider="excelRead" finished-at="2024-12-14T15:01:16 IST" duration-ms="3076" status="PASS">
          <params>
            <param index="0">
              <value>
                <![CDATA[Harishscar]]>
              </value>
            </param>
            <param index="1">
              <value>
                <![CDATA[Harish@241552]]>
              </value>
            </param>
            <param index="2">
              <value>
                <![CDATA[ValidEmailandValidPassword]]>
              </value>
            </param>
            <param index="3">
              <value>
                <![CDATA[Hello Harishscar!]]>
              </value>
            </param>
            <param index="4">
              <value>
                <![CDATA[14/05/2025]]>
              </value>
            </param>
            <param index="5">
              <value>
                <![CDATA[17/05/2025]]>
              </value>
            </param>
            <param index="6">
              <value>
                <![CDATA[trendbount]]>
              </value>
            </param>
            <param index="7">
              <value>
                <![CDATA[shp]]>
              </value>
            </param>
            <param index="8">
              <value>
                <![CDATA[north street]]>
              </value>
            </param>
            <param index="9">
              <value>
                <![CDATA[9584231546987450]]>
              </value>
            </param>
            <param index="10">
              <value>
                <![CDATA[562]]>
              </value>
            </param>
          </params>
          <reporter-output>
          </reporter-output>
        </test-method> <!-- InvalidSelectRoom -->
        <test-method is-config="true" signature="closeLauncher()[pri:0, instance:test.TC_011_InvalidNotSelectRooms@7586beff]" started-at="2024-12-14T15:01:16 IST" name="closeLauncher" finished-at="2024-12-14T15:01:20 IST" duration-ms="3670" status="PASS">
          <reporter-output>
          </reporter-output>
        </test-method> <!-- closeLauncher -->
      </class> <!-- test.TC_011_InvalidNotSelectRooms -->
      <class name="test.TC_006_InvalidFirstNameBook">
        <test-method is-config="true" signature="data()[pri:0, instance:test.TC_006_InvalidFirstNameBook@4c12331b]" started-at="2024-12-14T14:58:36 IST" name="data" finished-at="2024-12-14T14:58:36 IST" duration-ms="1" status="PASS">
          <reporter-output>
          </reporter-output>
        </test-method> <!-- data -->
        <test-method is-config="true" signature="launchLoadUrl(java.lang.String,java.lang.String)[pri:0, instance:test.TC_006_InvalidFirstNameBook@4c12331b]" started-at="2024-12-14T15:00:47 IST" name="launchLoadUrl" finished-at="2024-12-14T15:00:52 IST" duration-ms="4472" status="PASS">
          <params>
            <param index="0">
              <value>
                <![CDATA[https://adactinhotelapp.com/HotelAppBuild2/index.php]]>
              </value>
            </param>
            <param index="1">
              <value>
                <![CDATA[Chrome]]>
              </value>
            </param>
          </params>
          <reporter-output>
          </reporter-output>
        </test-method> <!-- launchLoadUrl -->
        <test-method signature="InvalidFirstNameTest(java.lang.String,java.lang.String,java.lang.String,java.lang.String,java.lang.String,java.lang.String,java.lang.String,java.lang.String,java.lang.String,java.lang.String,java.lang.String)[pri:0, instance:test.TC_006_InvalidFirstNameBook@4c12331b]" started-at="2024-12-14T15:00:52 IST" name="InvalidFirstNameTest" data-provider="excelRead" finished-at="2024-12-14T15:00:58 IST" duration-ms="6750" status="PASS">
          <params>
            <param index="0">
              <value>
                <![CDATA[Harishscar]]>
              </value>
            </param>
            <param index="1">
              <value>
                <![CDATA[Harish@241552]]>
              </value>
            </param>
            <param index="2">
              <value>
                <![CDATA[ValidEmailandValidPassword]]>
              </value>
            </param>
            <param index="3">
              <value>
                <![CDATA[Hello Harishscar!]]>
              </value>
            </param>
            <param index="4">
              <value>
                <![CDATA[14/05/2025]]>
              </value>
            </param>
            <param index="5">
              <value>
                <![CDATA[17/05/2025]]>
              </value>
            </param>
            <param index="6">
              <value>
                <![CDATA[trendbount]]>
              </value>
            </param>
            <param index="7">
              <value>
                <![CDATA[shp]]>
              </value>
            </param>
            <param index="8">
              <value>
                <![CDATA[north street]]>
              </value>
            </param>
            <param index="9">
              <value>
                <![CDATA[9584231546987450]]>
              </value>
            </param>
            <param index="10">
              <value>
                <![CDATA[562]]>
              </value>
            </param>
          </params>
          <reporter-output>
          </reporter-output>
        </test-method> <!-- InvalidFirstNameTest -->
        <test-method is-config="true" signature="closeLauncher()[pri:0, instance:test.TC_006_InvalidFirstNameBook@4c12331b]" started-at="2024-12-14T15:00:58 IST" name="closeLauncher" finished-at="2024-12-14T15:01:09 IST" duration-ms="10243" status="PASS">
          <reporter-output>
          </reporter-output>
        </test-method> <!-- closeLauncher -->
      </class> <!-- test.TC_006_InvalidFirstNameBook -->
      <class name="test.TC_009_InvalidSelectDateYear">
        <test-method is-config="true" signature="data()[pri:0, instance:test.TC_009_InvalidSelectDateYear@1573f9fc]" started-at="2024-12-14T14:58:36 IST" name="data" finished-at="2024-12-14T14:58:36 IST" duration-ms="0" status="PASS">
          <reporter-output>
          </reporter-output>
        </test-method> <!-- data -->
        <test-method is-config="true" signature="launchLoadUrl(java.lang.String,java.lang.String)[pri:0, instance:test.TC_009_InvalidSelectDateYear@1573f9fc]" started-at="2024-12-14T15:02:05 IST" name="launchLoadUrl" finished-at="2024-12-14T15:02:10 IST" duration-ms="4574" status="PASS">
          <params>
            <param index="0">
              <value>
                <![CDATA[https://adactinhotelapp.com/HotelAppBuild2/index.php]]>
              </value>
            </param>
            <param index="1">
              <value>
                <![CDATA[Chrome]]>
              </value>
            </param>
          </params>
          <reporter-output>
          </reporter-output>
        </test-method> <!-- launchLoadUrl -->
        <test-method signature="InvalidSelectDate(java.lang.String,java.lang.String,java.lang.String,java.lang.String,java.lang.String,java.lang.String,java.lang.String,java.lang.String,java.lang.String,java.lang.String,java.lang.String)[pri:0, instance:test.TC_009_InvalidSelectDateYear@1573f9fc]" started-at="2024-12-14T15:02:10 IST" name="InvalidSelectDate" data-provider="excelRead" finished-at="2024-12-14T15:02:16 IST" duration-ms="6458" status="PASS">
          <params>
            <param index="0">
              <value>
                <![CDATA[Harishscar]]>
              </value>
            </param>
            <param index="1">
              <value>
                <![CDATA[Harish@241552]]>
              </value>
            </param>
            <param index="2">
              <value>
                <![CDATA[ValidEmailandValidPassword]]>
              </value>
            </param>
            <param index="3">
              <value>
                <![CDATA[Hello Harishscar!]]>
              </value>
            </param>
            <param index="4">
              <value>
                <![CDATA[14/05/2025]]>
              </value>
            </param>
            <param index="5">
              <value>
                <![CDATA[17/05/2025]]>
              </value>
            </param>
            <param index="6">
              <value>
                <![CDATA[trendbount]]>
              </value>
            </param>
            <param index="7">
              <value>
                <![CDATA[shp]]>
              </value>
            </param>
            <param index="8">
              <value>
                <![CDATA[north street]]>
              </value>
            </param>
            <param index="9">
              <value>
                <![CDATA[9584231546987450]]>
              </value>
            </param>
            <param index="10">
              <value>
                <![CDATA[562]]>
              </value>
            </param>
          </params>
          <reporter-output>
          </reporter-output>
        </test-method> <!-- InvalidSelectDate -->
        <test-method is-config="true" signature="closeLauncher()[pri:0, instance:test.TC_009_InvalidSelectDateYear@1573f9fc]" started-at="2024-12-14T15:02:16 IST" name="closeLauncher" finished-at="2024-12-14T15:02:19 IST" duration-ms="2722" status="PASS">
          <reporter-output>
          </reporter-output>
        </test-method> <!-- closeLauncher -->
      </class> <!-- test.TC_009_InvalidSelectDateYear -->
      <class name="test.TC_008_InvalidSelectCreditCard">
        <test-method is-config="true" signature="data()[pri:0, instance:test.TC_008_InvalidSelectCreditCard@5542c4ed]" started-at="2024-12-14T14:58:36 IST" name="data" finished-at="2024-12-14T14:58:36 IST" duration-ms="0" status="PASS">
          <reporter-output>
          </reporter-output>
        </test-method> <!-- data -->
        <test-method is-config="true" signature="launchLoadUrl(java.lang.String,java.lang.String)[pri:0, instance:test.TC_008_InvalidSelectCreditCard@5542c4ed]" started-at="2024-12-14T15:01:50 IST" name="launchLoadUrl" finished-at="2024-12-14T15:01:55 IST" duration-ms="4587" status="PASS">
          <params>
            <param index="0">
              <value>
                <![CDATA[https://adactinhotelapp.com/HotelAppBuild2/index.php]]>
              </value>
            </param>
            <param index="1">
              <value>
                <![CDATA[Chrome]]>
              </value>
            </param>
          </params>
          <reporter-output>
          </reporter-output>
        </test-method> <!-- launchLoadUrl -->
        <test-method signature="InvalidSelectCreditCard(java.lang.String,java.lang.String,java.lang.String,java.lang.String,java.lang.String,java.lang.String,java.lang.String,java.lang.String,java.lang.String,java.lang.String,java.lang.String)[pri:0, instance:test.TC_008_InvalidSelectCreditCard@5542c4ed]" started-at="2024-12-14T15:01:55 IST" name="InvalidSelectCreditCard" data-provider="excelRead" finished-at="2024-12-14T15:02:02 IST" duration-ms="6759" status="PASS">
          <params>
            <param index="0">
              <value>
                <![CDATA[Harishscar]]>
              </value>
            </param>
            <param index="1">
              <value>
                <![CDATA[Harish@241552]]>
              </value>
            </param>
            <param index="2">
              <value>
                <![CDATA[ValidEmailandValidPassword]]>
              </value>
            </param>
            <param index="3">
              <value>
                <![CDATA[Hello Harishscar!]]>
              </value>
            </param>
            <param index="4">
              <value>
                <![CDATA[14/05/2025]]>
              </value>
            </param>
            <param index="5">
              <value>
                <![CDATA[17/05/2025]]>
              </value>
            </param>
            <param index="6">
              <value>
                <![CDATA[trendbount]]>
              </value>
            </param>
            <param index="7">
              <value>
                <![CDATA[shp]]>
              </value>
            </param>
            <param index="8">
              <value>
                <![CDATA[north street]]>
              </value>
            </param>
            <param index="9">
              <value>
                <![CDATA[9584231546987450]]>
              </value>
            </param>
            <param index="10">
              <value>
                <![CDATA[562]]>
              </value>
            </param>
          </params>
          <reporter-output>
          </reporter-output>
        </test-method> <!-- InvalidSelectCreditCard -->
        <test-method is-config="true" signature="closeLauncher()[pri:0, instance:test.TC_008_InvalidSelectCreditCard@5542c4ed]" started-at="2024-12-14T15:02:02 IST" name="closeLauncher" finished-at="2024-12-14T15:02:05 IST" duration-ms="3046" status="PASS">
          <reporter-output>
          </reporter-output>
        </test-method> <!-- closeLauncher -->
      </class> <!-- test.TC_008_InvalidSelectCreditCard -->
    </test> <!-- Test -->
  </suite> <!-- Suite -->
</testng-results>
