<?xml version="1.0" encoding="UTF-8"?>
<testsuite xmlns:xsi="http://www.w3.org/2001/XMLSchema-instance" xsi:noNamespaceSchemaLocation="https://maven.apache.org/surefire/maven-surefire-plugin/xsd/surefire-test-report-3.0.xsd" version="3.0" name="TestSuite" time="239.805" tests="10" errors="0" skipped="0" failures="0">
  <properties>
[...]
</properties>
  <testcase name="RegisterTest" classname="test.TC_001_RegisterTest" time="37.046">
    <system-out><![CDATA[the username entered
the password entered
the repassword entered
The full name entered
the email entered
the clicked the cleckbox
Expected text: Click here to login
Actual text: Click here to login
The text matches as expected.
]]></system-out>
    <system-err><![CDATA[SLF4J: Failed to load class "org.slf4j.impl.StaticLoggerBinder".
SLF4J: Defaulting to no-operation (NOP) logger implementation
SLF4J: See http://www.slf4j.org/codes.html#StaticLoggerBinder for further details.
Dec 14, 2024 2:58:43 PM org.openqa.selenium.devtools.CdpVersionFinder findNearestMatch
WARNING: Unable to find an exact match for CDP version 131, returning the closest version; found: 130; Please update to a Selenium version that supports CDP version 131
]]></system-err>
  </testcase>
  <testcase name="LoginTest[Harishscar, Harish@241552, ValidEmailandValidPassword, Hello Harishscar!, 14/05/2025, 17/05/2025, trendbount, shp, north street, 9584231546987450, 562](1)" classname="test.TC_002_LoginTest" time="13.408">
    <system-out><![CDATA[2024-12-14T09:29:29.534246800Z main ERROR Log4j2 could not find a logging implementation. Please add log4j-core to the classpath. Using SimpleLogger to log to the console...
Row count: 1
Column count: 11
The Login Button Successfully Clicked
The actual value is: Hello Harishscar!
Login Successful
The Successfully submit button
the Succesfully clicked the continue button
The actualtitle[[ChromeDriver: chrome on windows (9f24d7328d40edd33567424eff16c064)] -> xpath: //td[contains(text(), 'Book A Hotel')]]
first name Entered
last name entered
address
creditcard
Payment option selected: Master Card
Expiry date selected: April
bookyear
cv three digits
Successfully submit the Book Details
The Booking Confirmation title is: Booking Confirmation
the Successfully Logout Buton
The Actual message: You have successfully logged out. Click here to login again
]]></system-out>
    <system-err><![CDATA[Dec 14, 2024 2:59:28 PM org.openqa.selenium.remote.http.WebSocket$Listener onError
WARNING: Connection reset
java.net.SocketException: Connection reset
	at java.base/sun.nio.ch.SocketChannelImpl.throwConnectionReset(SocketChannelImpl.java:403)
	at java.base/sun.nio.ch.SocketChannelImpl.implRead(SocketChannelImpl.java:435)
	at java.base/sun.nio.ch.SocketChannelImpl.read(SocketChannelImpl.java:493)
	at java.net.http/jdk.internal.net.http.SocketTube.readAvailable(SocketTube.java:1178)
	at java.net.http/jdk.internal.net.http.SocketTube$InternalReadPublisher$InternalReadSubscription.read(SocketTube.java:841)
	at java.net.http/jdk.internal.net.http.SocketTube$SocketFlowTask.run(SocketTube.java:181)
	at java.net.http/jdk.internal.net.http.common.SequentialScheduler$SchedulableTask.run(SequentialScheduler.java:207)
	at java.net.http/jdk.internal.net.http.common.SequentialScheduler.runOrSchedule(SequentialScheduler.java:280)
	at java.net.http/jdk.internal.net.http.common.SequentialScheduler.runOrSchedule(SequentialScheduler.java:233)
	at java.net.http/jdk.internal.net.http.SocketTube$InternalReadPublisher$InternalReadSubscription.signalReadable(SocketTube.java:782)
	at java.net.http/jdk.internal.net.http.SocketTube$InternalReadPublisher$ReadEvent.signalEvent(SocketTube.java:965)
	at java.net.http/jdk.internal.net.http.SocketTube$SocketFlowEvent.handle(SocketTube.java:253)
	at java.net.http/jdk.internal.net.http.HttpClientImpl$SelectorManager.handleEvent(HttpClientImpl.java:1476)
	at java.net.http/jdk.internal.net.http.HttpClientImpl$SelectorManager.lambda$run$3(HttpClientImpl.java:1421)
	at java.base/java.util.ArrayList.forEach(ArrayList.java:1597)
	at java.net.http/jdk.internal.net.http.HttpClientImpl$SelectorManager.run(HttpClientImpl.java:1421)

Dec 14, 2024 2:59:34 PM org.openqa.selenium.devtools.CdpVersionFinder findNearestMatch
WARNING: Unable to find an exact match for CDP version 131, returning the closest version; found: 130; Please update to a Selenium version that supports CDP version 131
]]></system-err>
  </testcase>
  <testcase name="InvalidLocationTest[Harishscar, Harish@241552, ValidEmailandValidPassword, Hello Harishscar!, 14/05/2025, 17/05/2025, trendbount, shp, north street, 9584231546987450, 562](1)" classname="test.TC_005_InvalidLocationTest" time="3.296">
    <system-out><![CDATA[Row count: 1
Column count: 11
The Login Button Successfully Clicked
The actual value is: Hello Harishscar!
Login Successful
The Successfully submit button
the error message:Please Select a Location
]]></system-out>
    <system-err><![CDATA[Dec 14, 2024 3:00:04 PM org.openqa.selenium.devtools.CdpVersionFinder findNearestMatch
WARNING: Unable to find an exact match for CDP version 131, returning the closest version; found: 130; Please update to a Selenium version that supports CDP version 131
]]></system-err>
  </testcase>
  <testcase name="InvalidFirstNameTest[Harishscar, Harish@241552, ValidEmailandValidPassword, Hello Harishscar!, 14/05/2025, 17/05/2025, trendbount, shp, north street, 9584231546987450, 562](1)" classname="test.TC_006_InvalidFirstNameBook" time="6.751">
    <system-out><![CDATA[Row count: 1
Column count: 11
The Login Button Successfully Clicked
The actual value is: Hello Harishscar!
Login Successful
The Successfully submit button
the Succesfully clicked the continue button
The actualtitle[[ChromeDriver: chrome on windows (893db988549195620165ac835f5e05b2)] -> xpath: //td[contains(text(), 'Book A Hotel')]]
last name entered
address
creditcard
Payment option selected: Master Card
Expiry date selected: April
bookyear
cv three digits
Successfully submit the Book Details
The Error Firstname  Message:Please Enter your First Name
]]></system-out>
    <system-err><![CDATA[Dec 14, 2024 3:00:50 PM org.openqa.selenium.devtools.CdpVersionFinder findNearestMatch
WARNING: Unable to find an exact match for CDP version 131, returning the closest version; found: 130; Please update to a Selenium version that supports CDP version 131
]]></system-err>
  </testcase>
  <testcase name="InvalidSelectRoom[Harishscar, Harish@241552, ValidEmailandValidPassword, Hello Harishscar!, 14/05/2025, 17/05/2025, trendbount, shp, north street, 9584231546987450, 562](1)" classname="test.TC_011_InvalidNotSelectRooms" time="3.076">
    <system-out><![CDATA[Row count: 1
Column count: 11
The Login Button Successfully Clicked
The actual value is: Hello Harishscar!
Login Successful
The Successfully submit button
The Error invalid Not select the rooms:Please Select Total Number of Rooms
]]></system-out>
    <system-err><![CDATA[Dec 14, 2024 3:01:12 PM org.openqa.selenium.devtools.CdpVersionFinder findNearestMatch
WARNING: Unable to find an exact match for CDP version 131, returning the closest version; found: 130; Please update to a Selenium version that supports CDP version 131
]]></system-err>
  </testcase>
  <testcase name="InvalidSelectAdultRooms[Harishscar, Harish@241552, ValidEmailandValidPassword, Hello Harishscar!, 14/05/2025, 17/05/2025, trendbount, shp, north street, 9584231546987450, 562](1)" classname="test.TC_012_InvalidNotSelectAdultRoom" time="4.374">
    <system-out><![CDATA[Row count: 1
Column count: 11
The Login Button Successfully Clicked
The actual value is: Hello Harishscar!
Login Successful
The Successfully submit button
The Error invalid Not select Adult per rooms:Please Select Adults per Room
]]></system-out>
    <system-err><![CDATA[Dec 14, 2024 3:01:23 PM org.openqa.selenium.devtools.CdpVersionFinder findNearestMatch
WARNING: Unable to find an exact match for CDP version 131, returning the closest version; found: 130; Please update to a Selenium version that supports CDP version 131
]]></system-err>
  </testcase>
  <testcase name="InvalidLastNameTest[Harishscar, Harish@241552, ValidEmailandValidPassword, Hello Harishscar!, 14/05/2025, 17/05/2025, trendbount, shp, north street, 9584231546987450, 562](1)" classname="test.TC_007_InvalidLastNameBook" time="5.786">
    <system-out><![CDATA[Row count: 1
Column count: 11
The Login Button Successfully Clicked
The actual value is: Hello Harishscar!
Login Successful
The Successfully submit button
the Succesfully clicked the continue button
The actualtitle[[ChromeDriver: chrome on windows (8c8e58d8100718eb80cc2234eaf12454)] -> xpath: //td[contains(text(), 'Book A Hotel')]]
first name Entered
address
creditcard
Payment option selected: Master Card
Expiry date selected: April
bookyear
cv three digits
Successfully submit the Book Details
The Error LastName Message:Please Enter you Last Name
]]></system-out>
    <system-err><![CDATA[Dec 14, 2024 3:01:37 PM org.openqa.selenium.devtools.CdpVersionFinder findNearestMatch
WARNING: Unable to find an exact match for CDP version 131, returning the closest version; found: 130; Please update to a Selenium version that supports CDP version 131
]]></system-err>
  </testcase>
  <testcase name="InvalidSelectCreditCard[Harishscar, Harish@241552, ValidEmailandValidPassword, Hello Harishscar!, 14/05/2025, 17/05/2025, trendbount, shp, north street, 9584231546987450, 562](1)" classname="test.TC_008_InvalidSelectCreditCard" time="6.759">
    <system-out><![CDATA[Row count: 1
Column count: 11
The Login Button Successfully Clicked
The actual value is: Hello Harishscar!
Login Successful
The Successfully submit button
the Succesfully clicked the continue button
The actualtitle[[ChromeDriver: chrome on windows (aee2478ef52f7d87f041aafcda6d0fd3)] -> xpath: //td[contains(text(), 'Book A Hotel')]]
first name Entered
last name entered
address
creditcard
Expiry date selected: April
bookyear
cv three digits
Successfully submit the Book Details
The Error invalid not selected Bookcreditcard type Message:Please Select your Credit Card Type
]]></system-out>
    <system-err><![CDATA[Dec 14, 2024 3:01:48 PM org.openqa.selenium.remote.http.WebSocket$Listener onError
WARNING: Connection reset
java.net.SocketException: Connection reset
	at java.base/sun.nio.ch.SocketChannelImpl.throwConnectionReset(SocketChannelImpl.java:403)
	at java.base/sun.nio.ch.SocketChannelImpl.implRead(SocketChannelImpl.java:435)
	at java.base/sun.nio.ch.SocketChannelImpl.read(SocketChannelImpl.java:493)
	at java.net.http/jdk.internal.net.http.SocketTube.readAvailable(SocketTube.java:1178)
	at java.net.http/jdk.internal.net.http.SocketTube$InternalReadPublisher$InternalReadSubscription.read(SocketTube.java:841)
	at java.net.http/jdk.internal.net.http.SocketTube$SocketFlowTask.run(SocketTube.java:181)
	at java.net.http/jdk.internal.net.http.common.SequentialScheduler$SchedulableTask.run(SequentialScheduler.java:207)
	at java.net.http/jdk.internal.net.http.common.SequentialScheduler.runOrSchedule(SequentialScheduler.java:280)
	at java.net.http/jdk.internal.net.http.common.SequentialScheduler.runOrSchedule(SequentialScheduler.java:233)
	at java.net.http/jdk.internal.net.http.SocketTube$InternalReadPublisher$InternalReadSubscription.signalReadable(SocketTube.java:782)
	at java.net.http/jdk.internal.net.http.SocketTube$InternalReadPublisher$ReadEvent.signalEvent(SocketTube.java:965)
	at java.net.http/jdk.internal.net.http.SocketTube$SocketFlowEvent.handle(SocketTube.java:253)
	at java.net.http/jdk.internal.net.http.HttpClientImpl$SelectorManager.handleEvent(HttpClientImpl.java:1476)
	at java.net.http/jdk.internal.net.http.HttpClientImpl$SelectorManager.lambda$run$3(HttpClientImpl.java:1421)
	at java.base/java.util.ArrayList.forEach(ArrayList.java:1597)
	at java.net.http/jdk.internal.net.http.HttpClientImpl$SelectorManager.run(HttpClientImpl.java:1421)

Dec 14, 2024 3:01:53 PM org.openqa.selenium.devtools.CdpVersionFinder findNearestMatch
WARNING: Unable to find an exact match for CDP version 131, returning the closest version; found: 130; Please update to a Selenium version that supports CDP version 131
]]></system-err>
  </testcase>
  <testcase name="InvalidSelectDate[Harishscar, Harish@241552, ValidEmailandValidPassword, Hello Harishscar!, 14/05/2025, 17/05/2025, trendbount, shp, north street, 9584231546987450, 562](1)" classname="test.TC_009_InvalidSelectDateYear" time="6.458">
    <system-out><![CDATA[Row count: 1
Column count: 11
The Login Button Successfully Clicked
The actual value is: Hello Harishscar!
Login Successful
The Successfully submit button
the Succesfully clicked the continue button
The actualtitle[[ChromeDriver: chrome on windows (3bb87e438ded0b348f4fff045e404e3b)] -> xpath: //td[contains(text(), 'Book A Hotel')]]
first name Entered
last name entered
address
creditcard
Payment option selected: Master Card
cv three digits
Successfully submit the Book Details
The Error invalid not selected Bookcreditcard Expiry and Date type Message:Please Select your Credit Card Expiry Month
]]></system-out>
    <system-err><![CDATA[Dec 14, 2024 3:02:08 PM org.openqa.selenium.devtools.CdpVersionFinder findNearestMatch
WARNING: Unable to find an exact match for CDP version 131, returning the closest version; found: 130; Please update to a Selenium version that supports CDP version 131
]]></system-err>
  </testcase>
  <testcase name="InvalidCvvNum[Harishscar, Harish@241552, ValidEmailandValidPassword, Hello Harishscar!, 14/05/2025, 17/05/2025, trendbount, shp, north street, 9584231546987450, 562](1)" classname="test.TC_010_InvalidCvvNumBook" time="7.315">
    <system-out><![CDATA[Row count: 1
Column count: 11
The Login Button Successfully Clicked
The actual value is: Hello Harishscar!
Login Successful
The Successfully submit button
the Succesfully clicked the continue button
The actualtitle[[ChromeDriver: chrome on windows (e530ccbcd76144f9da17f4e212d38b7f)] -> xpath: //td[contains(text(), 'Book A Hotel')]]
first name Entered
last name entered
address
creditcard
Payment option selected: Master Card
Expiry date selected: April
bookyear
Successfully submit the Book Details
The Error invalid message Not Enter cvv number:Please Enter your Credit Card CVV Number
]]></system-out>
    <system-err><![CDATA[Dec 14, 2024 3:02:22 PM org.openqa.selenium.devtools.CdpVersionFinder findNearestMatch
WARNING: Unable to find an exact match for CDP version 131, returning the closest version; found: 130; Please update to a Selenium version that supports CDP version 131
]]></system-err>
  </testcase>
</testsuite>