<?xml version="1.0" encoding="UTF-8"?>
<testng-results ignored="0" total="10" passed="10" failed="0" skipped="0">
  <reporter-output>
  </reporter-output>
  <suite started-at="2024-12-14T14:27:46 IST" name="Suite" finished-at="2024-12-14T14:31:11 IST" duration-ms="205109">
    <groups>
    </groups>
    <test started-at="2024-12-14T14:27:46 IST" name="Test" finished-at="2024-12-14T14:31:11 IST" duration-ms="205109">
      <class name="test.TC_002_LoginTest">
        <test-method is-config="true" signature="data()[pri:0, instance:test.TC_002_LoginTest@37883b97]" started-at="2024-12-14T14:27:46 IST" name="data" finished-at="2024-12-14T14:27:46 IST" duration-ms="1" status="PASS">
          <reporter-output>
          </reporter-output>
        </test-method> <!-- data -->
        <test-method is-config="true" signature="launchLoadUrl(java.lang.String,java.lang.String)[pri:0, instance:test.TC_002_LoginTest@37883b97]" started-at="2024-12-14T14:28:24 IST" name="launchLoadUrl" finished-at="2024-12-14T14:28:30 IST" duration-ms="5729" status="PASS">
          <params>
            <param index="0">
              <value>
                <![CDATA[https://adactinhotelapp.com/HotelAppBuild2/index.php]]>
              </value>
            </param>
            <param index="1">
              <value>
                <![CDATA[Chrome]]>
              </value>
            </param>
          </params>
          <reporter-output>
          </reporter-output>
        </test-method> <!-- launchLoadUrl -->
        <test-method signature="LoginTest(java.lang.String,java.lang.String,java.lang.String,java.lang.String,java.lang.String,java.lang.String,java.lang.String,java.lang.String,java.lang.String,java.lang.String,java.lang.String)[pri:0, instance:test.TC_002_LoginTest@37883b97]" started-at="2024-12-14T14:28:30 IST" name="LoginTest" data-provider="excelRead" finished-at="2024-12-14T14:28:44 IST" duration-ms="13826" status="PASS">
          <params>
            <param index="0">
              <value>
                <![CDATA[Harishscar]]>
              </value>
            </param>
            <param index="1">
              <value>
                <![CDATA[Harish@241552]]>
              </value>
            </param>
            <param index="2">
              <value>
                <![CDATA[ValidEmailandValidPassword]]>
              </value>
            </param>
            <param index="3">
              <value>
                <![CDATA[Hello Harishscar!]]>
              </value>
            </param>
            <param index="4">
              <value>
                <![CDATA[14/05/2025]]>
              </value>
            </param>
            <param index="5">
              <value>
                <![CDATA[17/05/2025]]>
              </value>
            </param>
            <param index="6">
              <value>
                <![CDATA[trendbount]]>
              </value>
            </param>
            <param index="7">
              <value>
                <![CDATA[shp]]>
              </value>
            </param>
            <param index="8">
              <value>
                <![CDATA[north street]]>
              </value>
            </param>
            <param index="9">
              <value>
                <![CDATA[9584231546987450]]>
              </value>
            </param>
            <param index="10">
              <value>
                <![CDATA[562]]>
              </value>
            </param>
          </params>
          <reporter-output>
          </reporter-output>
        </test-method> <!-- LoginTest -->
        <test-method is-config="true" signature="closeLauncher()[pri:0, instance:test.TC_002_LoginTest@37883b97]" started-at="2024-12-14T14:28:44 IST" name="closeLauncher" finished-at="2024-12-14T14:28:46 IST" duration-ms="2652" status="PASS">
          <reporter-output>
          </reporter-output>
        </test-method> <!-- closeLauncher -->
      </class> <!-- test.TC_002_LoginTest -->
      <class name="test.TC_005_InvalidLocationTest">
        <test-method is-config="true" signature="data()[pri:0, instance:test.TC_005_InvalidLocationTest@6ab778a]" started-at="2024-12-14T14:27:46 IST" name="data" finished-at="2024-12-14T14:27:46 IST" duration-ms="1" status="PASS">
          <reporter-output>
          </reporter-output>
        </test-method> <!-- data -->
        <test-method is-config="true" signature="launchLoadUrl(java.lang.String,java.lang.String)[pri:0, instance:test.TC_005_InvalidLocationTest@6ab778a]" started-at="2024-12-14T14:28:47 IST" name="launchLoadUrl" finished-at="2024-12-14T14:28:52 IST" duration-ms="5022" status="PASS">
          <params>
            <param index="0">
              <value>
                <![CDATA[https://adactinhotelapp.com/HotelAppBuild2/index.php]]>
              </value>
            </param>
            <param index="1">
              <value>
                <![CDATA[Chrome]]>
              </value>
            </param>
          </params>
          <reporter-output>
          </reporter-output>
        </test-method> <!-- launchLoadUrl -->
        <test-method signature="InvalidLocationTest(java.lang.String,java.lang.String,java.lang.String,java.lang.String,java.lang.String,java.lang.String,java.lang.String,java.lang.String,java.lang.String,java.lang.String,java.lang.String)[pri:0, instance:test.TC_005_InvalidLocationTest@6ab778a]" started-at="2024-12-14T14:28:52 IST" name="InvalidLocationTest" data-provider="excelRead" finished-at="2024-12-14T14:28:55 IST" duration-ms="3633" status="PASS">
          <params>
            <param index="0">
              <value>
                <![CDATA[Harishscar]]>
              </value>
            </param>
            <param index="1">
              <value>
                <![CDATA[Harish@241552]]>
              </value>
            </param>
            <param index="2">
              <value>
                <![CDATA[ValidEmailandValidPassword]]>
              </value>
            </param>
            <param index="3">
              <value>
                <![CDATA[Hello Harishscar!]]>
              </value>
            </param>
            <param index="4">
              <value>
                <![CDATA[14/05/2025]]>
              </value>
            </param>
            <param index="5">
              <value>
                <![CDATA[17/05/2025]]>
              </value>
            </param>
            <param index="6">
              <value>
                <![CDATA[trendbount]]>
              </value>
            </param>
            <param index="7">
              <value>
                <![CDATA[shp]]>
              </value>
            </param>
            <param index="8">
              <value>
                <![CDATA[north street]]>
              </value>
            </param>
            <param index="9">
              <value>
                <![CDATA[9584231546987450]]>
              </value>
            </param>
            <param index="10">
              <value>
                <![CDATA[562]]>
              </value>
            </param>
          </params>
          <reporter-output>
          </reporter-output>
        </test-method> <!-- InvalidLocationTest -->
        <test-method is-config="true" signature="closeLauncher()[pri:0, instance:test.TC_005_InvalidLocationTest@6ab778a]" started-at="2024-12-14T14:28:55 IST" name="closeLauncher" finished-at="2024-12-14T14:28:58 IST" duration-ms="2932" status="PASS">
          <reporter-output>
          </reporter-output>
        </test-method> <!-- closeLauncher -->
      </class> <!-- test.TC_005_InvalidLocationTest -->
      <class name="test.TC_007_InvalidLastNameBook">
        <test-method is-config="true" signature="data()[pri:0, instance:test.TC_007_InvalidLastNameBook@5c90e579]" started-at="2024-12-14T14:27:46 IST" name="data" finished-at="2024-12-14T14:27:46 IST" duration-ms="0" status="PASS">
          <reporter-output>
          </reporter-output>
        </test-method> <!-- data -->
        <test-method is-config="true" signature="launchLoadUrl(java.lang.String,java.lang.String)[pri:0, instance:test.TC_007_InvalidLastNameBook@5c90e579]" started-at="2024-12-14T14:29:51 IST" name="launchLoadUrl" finished-at="2024-12-14T14:29:56 IST" duration-ms="5512" status="PASS">
          <params>
            <param index="0">
              <value>
                <![CDATA[https://adactinhotelapp.com/HotelAppBuild2/index.php]]>
              </value>
            </param>
            <param index="1">
              <value>
                <![CDATA[Chrome]]>
              </value>
            </param>
          </params>
          <reporter-output>
          </reporter-output>
        </test-method> <!-- launchLoadUrl -->
        <test-method signature="InvalidLastNameTest(java.lang.String,java.lang.String,java.lang.String,java.lang.String,java.lang.String,java.lang.String,java.lang.String,java.lang.String,java.lang.String,java.lang.String,java.lang.String)[pri:0, instance:test.TC_007_InvalidLastNameBook@5c90e579]" started-at="2024-12-14T14:29:56 IST" name="InvalidLastNameTest" data-provider="excelRead" finished-at="2024-12-14T14:30:04 IST" duration-ms="7946" status="PASS">
          <params>
            <param index="0">
              <value>
                <![CDATA[Harishscar]]>
              </value>
            </param>
            <param index="1">
              <value>
                <![CDATA[Harish@241552]]>
              </value>
            </param>
            <param index="2">
              <value>
                <![CDATA[ValidEmailandValidPassword]]>
              </value>
            </param>
            <param index="3">
              <value>
                <![CDATA[Hello Harishscar!]]>
              </value>
            </param>
            <param index="4">
              <value>
                <![CDATA[14/05/2025]]>
              </value>
            </param>
            <param index="5">
              <value>
                <![CDATA[17/05/2025]]>
              </value>
            </param>
            <param index="6">
              <value>
                <![CDATA[trendbount]]>
              </value>
            </param>
            <param index="7">
              <value>
                <![CDATA[shp]]>
              </value>
            </param>
            <param index="8">
              <value>
                <![CDATA[north street]]>
              </value>
            </param>
            <param index="9">
              <value>
                <![CDATA[9584231546987450]]>
              </value>
            </param>
            <param index="10">
              <value>
                <![CDATA[562]]>
              </value>
            </param>
          </params>
          <reporter-output>
          </reporter-output>
        </test-method> <!-- InvalidLastNameTest -->
        <test-method is-config="true" signature="closeLauncher()[pri:0, instance:test.TC_007_InvalidLastNameBook@5c90e579]" started-at="2024-12-14T14:30:04 IST" name="closeLauncher" finished-at="2024-12-14T14:30:08 IST" duration-ms="3792" status="PASS">
          <reporter-output>
          </reporter-output>
        </test-method> <!-- closeLauncher -->
      </class> <!-- test.TC_007_InvalidLastNameBook -->
      <class name="test.TC_010_InvalidCvvNumBook">
        <test-method is-config="true" signature="data()[pri:0, instance:test.TC_010_InvalidCvvNumBook@38e79ae3]" started-at="2024-12-14T14:27:46 IST" name="data" finished-at="2024-12-14T14:27:46 IST" duration-ms="0" status="PASS">
          <reporter-output>
          </reporter-output>
        </test-method> <!-- data -->
        <test-method is-config="true" signature="launchLoadUrl(java.lang.String,java.lang.String)[pri:0, instance:test.TC_010_InvalidCvvNumBook@38e79ae3]" started-at="2024-12-14T14:30:48 IST" name="launchLoadUrl" finished-at="2024-12-14T14:30:59 IST" duration-ms="10341" status="PASS">
          <params>
            <param index="0">
              <value>
                <![CDATA[https://adactinhotelapp.com/HotelAppBuild2/index.php]]>
              </value>
            </param>
            <param index="1">
              <value>
                <![CDATA[Chrome]]>
              </value>
            </param>
          </params>
          <reporter-output>
          </reporter-output>
        </test-method> <!-- launchLoadUrl -->
        <test-method signature="InvalidCvvNum(java.lang.String,java.lang.String,java.lang.String,java.lang.String,java.lang.String,java.lang.String,java.lang.String,java.lang.String,java.lang.String,java.lang.String,java.lang.String)[pri:0, instance:test.TC_010_InvalidCvvNumBook@38e79ae3]" started-at="2024-12-14T14:30:59 IST" name="InvalidCvvNum" data-provider="excelRead" finished-at="2024-12-14T14:31:07 IST" duration-ms="8565" status="PASS">
          <params>
            <param index="0">
              <value>
                <![CDATA[Harishscar]]>
              </value>
            </param>
            <param index="1">
              <value>
                <![CDATA[Harish@241552]]>
              </value>
            </param>
            <param index="2">
              <value>
                <![CDATA[ValidEmailandValidPassword]]>
              </value>
            </param>
            <param index="3">
              <value>
                <![CDATA[Hello Harishscar!]]>
              </value>
            </param>
            <param index="4">
              <value>
                <![CDATA[14/05/2025]]>
              </value>
            </param>
            <param index="5">
              <value>
                <![CDATA[17/05/2025]]>
              </value>
            </param>
            <param index="6">
              <value>
                <![CDATA[trendbount]]>
              </value>
            </param>
            <param index="7">
              <value>
                <![CDATA[shp]]>
              </value>
            </param>
            <param index="8">
              <value>
                <![CDATA[north street]]>
              </value>
            </param>
            <param index="9">
              <value>
                <![CDATA[9584231546987450]]>
              </value>
            </param>
            <param index="10">
              <value>
                <![CDATA[562]]>
              </value>
            </param>
          </params>
          <reporter-output>
          </reporter-output>
        </test-method> <!-- InvalidCvvNum -->
        <test-method is-config="true" signature="closeLauncher()[pri:0, instance:test.TC_010_InvalidCvvNumBook@38e79ae3]" started-at="2024-12-14T14:31:07 IST" name="closeLauncher" finished-at="2024-12-14T14:31:11 IST" duration-ms="3687" status="PASS">
          <reporter-output>
          </reporter-output>
        </test-method> <!-- closeLauncher -->
      </class> <!-- test.TC_010_InvalidCvvNumBook -->
      <class name="test.TC_001_RegisterTest">
        <test-method is-config="true" signature="reportInitilization()[pri:0, instance:test.TC_001_RegisterTest@10aa41f2]" started-at="2024-12-14T14:27:45 IST" name="reportInitilization" finished-at="2024-12-14T14:27:46 IST" duration-ms="697" status="PASS">
          <reporter-output>
          </reporter-output>
        </test-method> <!-- reportInitilization -->
        <test-method is-config="true" signature="data()[pri:0, instance:test.TC_001_RegisterTest@10aa41f2]" started-at="2024-12-14T14:27:46 IST" name="data" finished-at="2024-12-14T14:27:46 IST" duration-ms="1" status="PASS">
          <reporter-output>
          </reporter-output>
        </test-method> <!-- data -->
        <test-method is-config="true" signature="launchLoadUrl(java.lang.String,java.lang.String)[pri:0, instance:test.TC_001_RegisterTest@10aa41f2]" started-at="2024-12-14T14:27:46 IST" name="launchLoadUrl" finished-at="2024-12-14T14:27:57 IST" duration-ms="10988" status="PASS">
          <params>
            <param index="0">
              <value>
                <![CDATA[https://adactinhotelapp.com/HotelAppBuild2/index.php]]>
              </value>
            </param>
            <param index="1">
              <value>
                <![CDATA[Chrome]]>
              </value>
            </param>
          </params>
          <reporter-output>
          </reporter-output>
        </test-method> <!-- launchLoadUrl -->
        <test-method signature="LoginTest()[pri:0, instance:test.TC_001_RegisterTest@10aa41f2]" started-at="2024-12-14T14:27:57 IST" name="LoginTest" finished-at="2024-12-14T14:28:17 IST" duration-ms="19778" status="PASS">
          <reporter-output>
          </reporter-output>
        </test-method> <!-- LoginTest -->
        <test-method is-config="true" signature="closeLauncher()[pri:0, instance:test.TC_001_RegisterTest@10aa41f2]" started-at="2024-12-14T14:28:17 IST" name="closeLauncher" finished-at="2024-12-14T14:28:22 IST" duration-ms="5460" status="PASS">
          <reporter-output>
          </reporter-output>
        </test-method> <!-- closeLauncher -->
      </class> <!-- test.TC_001_RegisterTest -->
      <class name="test.TC_012_InvalidNotSelectAdultRoom">
        <test-method is-config="true" signature="data()[pri:0, instance:test.TC_012_InvalidNotSelectAdultRoom@1dac5ef]" started-at="2024-12-14T14:27:46 IST" name="data" finished-at="2024-12-14T14:27:46 IST" duration-ms="0" status="PASS">
          <reporter-output>
          </reporter-output>
        </test-method> <!-- data -->
        <test-method is-config="true" signature="launchLoadUrl(java.lang.String,java.lang.String)[pri:0, instance:test.TC_012_InvalidNotSelectAdultRoom@1dac5ef]" started-at="2024-12-14T14:29:36 IST" name="launchLoadUrl" finished-at="2024-12-14T14:29:41 IST" duration-ms="4937" status="PASS">
          <params>
            <param index="0">
              <value>
                <![CDATA[https://adactinhotelapp.com/HotelAppBuild2/index.php]]>
              </value>
            </param>
            <param index="1">
              <value>
                <![CDATA[Chrome]]>
              </value>
            </param>
          </params>
          <reporter-output>
          </reporter-output>
        </test-method> <!-- launchLoadUrl -->
        <test-method signature="InvalidSelectAdultRooms(java.lang.String,java.lang.String,java.lang.String,java.lang.String,java.lang.String,java.lang.String,java.lang.String,java.lang.String,java.lang.String,java.lang.String,java.lang.String)[pri:0, instance:test.TC_012_InvalidNotSelectAdultRoom@1dac5ef]" started-at="2024-12-14T14:29:41 IST" name="InvalidSelectAdultRooms" data-provider="excelRead" finished-at="2024-12-14T14:29:46 IST" duration-ms="4869" status="PASS">
          <params>
            <param index="0">
              <value>
                <![CDATA[Harishscar]]>
              </value>
            </param>
            <param index="1">
              <value>
                <![CDATA[Harish@241552]]>
              </value>
            </param>
            <param index="2">
              <value>
                <![CDATA[ValidEmailandValidPassword]]>
              </value>
            </param>
            <param index="3">
              <value>
                <![CDATA[Hello Harishscar!]]>
              </value>
            </param>
            <param index="4">
              <value>
                <![CDATA[14/05/2025]]>
              </value>
            </param>
            <param index="5">
              <value>
                <![CDATA[17/05/2025]]>
              </value>
            </param>
            <param index="6">
              <value>
                <![CDATA[trendbount]]>
              </value>
            </param>
            <param index="7">
              <value>
                <![CDATA[shp]]>
              </value>
            </param>
            <param index="8">
              <value>
                <![CDATA[north street]]>
              </value>
            </param>
            <param index="9">
              <value>
                <![CDATA[9584231546987450]]>
              </value>
            </param>
            <param index="10">
              <value>
                <![CDATA[562]]>
              </value>
            </param>
          </params>
          <reporter-output>
          </reporter-output>
        </test-method> <!-- InvalidSelectAdultRooms -->
        <test-method is-config="true" signature="closeLauncher()[pri:0, instance:test.TC_012_InvalidNotSelectAdultRoom@1dac5ef]" started-at="2024-12-14T14:29:46 IST" name="closeLauncher" finished-at="2024-12-14T14:29:51 IST" duration-ms="4863" status="PASS">
          <reporter-output>
          </reporter-output>
        </test-method> <!-- closeLauncher -->
      </class> <!-- test.TC_012_InvalidNotSelectAdultRoom -->
      <class name="test.TC_011_InvalidNotSelectRooms">
        <test-method is-config="true" signature="data()[pri:0, instance:test.TC_011_InvalidNotSelectRooms@77f80c04]" started-at="2024-12-14T14:27:46 IST" name="data" finished-at="2024-12-14T14:27:46 IST" duration-ms="0" status="PASS">
          <reporter-output>
          </reporter-output>
        </test-method> <!-- data -->
        <test-method is-config="true" signature="launchLoadUrl(java.lang.String,java.lang.String)[pri:0, instance:test.TC_011_InvalidNotSelectRooms@77f80c04]" started-at="2024-12-14T14:29:24 IST" name="launchLoadUrl" finished-at="2024-12-14T14:29:29 IST" duration-ms="5233" status="PASS">
          <params>
            <param index="0">
              <value>
                <![CDATA[https://adactinhotelapp.com/HotelAppBuild2/index.php]]>
              </value>
            </param>
            <param index="1">
              <value>
                <![CDATA[Chrome]]>
              </value>
            </param>
          </params>
          <reporter-output>
          </reporter-output>
        </test-method> <!-- launchLoadUrl -->
        <test-method signature="InvalidSelectRoom(java.lang.String,java.lang.String,java.lang.String,java.lang.String,java.lang.String,java.lang.String,java.lang.String,java.lang.String,java.lang.String,java.lang.String,java.lang.String)[pri:0, instance:test.TC_011_InvalidNotSelectRooms@77f80c04]" started-at="2024-12-14T14:29:29 IST" name="InvalidSelectRoom" data-provider="excelRead" finished-at="2024-12-14T14:29:33 IST" duration-ms="3981" status="PASS">
          <params>
            <param index="0">
              <value>
                <![CDATA[Harishscar]]>
              </value>
            </param>
            <param index="1">
              <value>
                <![CDATA[Harish@241552]]>
              </value>
            </param>
            <param index="2">
              <value>
                <![CDATA[ValidEmailandValidPassword]]>
              </value>
            </param>
            <param index="3">
              <value>
                <![CDATA[Hello Harishscar!]]>
              </value>
            </param>
            <param index="4">
              <value>
                <![CDATA[14/05/2025]]>
              </value>
            </param>
            <param index="5">
              <value>
                <![CDATA[17/05/2025]]>
              </value>
            </param>
            <param index="6">
              <value>
                <![CDATA[trendbount]]>
              </value>
            </param>
            <param index="7">
              <value>
                <![CDATA[shp]]>
              </value>
            </param>
            <param index="8">
              <value>
                <![CDATA[north street]]>
              </value>
            </param>
            <param index="9">
              <value>
                <![CDATA[9584231546987450]]>
              </value>
            </param>
            <param index="10">
              <value>
                <![CDATA[562]]>
              </value>
            </param>
          </params>
          <reporter-output>
          </reporter-output>
        </test-method> <!-- InvalidSelectRoom -->
        <test-method is-config="true" signature="closeLauncher()[pri:0, instance:test.TC_011_InvalidNotSelectRooms@77f80c04]" started-at="2024-12-14T14:29:33 IST" name="closeLauncher" finished-at="2024-12-14T14:29:36 IST" duration-ms="2871" status="PASS">
          <reporter-output>
          </reporter-output>
        </test-method> <!-- closeLauncher -->
      </class> <!-- test.TC_011_InvalidNotSelectRooms -->
      <class name="test.TC_006_InvalidFirstNameBook">
        <test-method is-config="true" signature="data()[pri:0, instance:test.TC_006_InvalidFirstNameBook@4e3958e7]" started-at="2024-12-14T14:27:46 IST" name="data" finished-at="2024-12-14T14:27:46 IST" duration-ms="1" status="PASS">
          <reporter-output>
          </reporter-output>
        </test-method> <!-- data -->
        <test-method is-config="true" signature="launchLoadUrl(java.lang.String,java.lang.String)[pri:0, instance:test.TC_006_InvalidFirstNameBook@4e3958e7]" started-at="2024-12-14T14:28:58 IST" name="launchLoadUrl" finished-at="2024-12-14T14:29:03 IST" duration-ms="4997" status="PASS">
          <params>
            <param index="0">
              <value>
                <![CDATA[https://adactinhotelapp.com/HotelAppBuild2/index.php]]>
              </value>
            </param>
            <param index="1">
              <value>
                <![CDATA[Chrome]]>
              </value>
            </param>
          </params>
          <reporter-output>
          </reporter-output>
        </test-method> <!-- launchLoadUrl -->
        <test-method signature="InvalidFirstNameTest(java.lang.String,java.lang.String,java.lang.String,java.lang.String,java.lang.String,java.lang.String,java.lang.String,java.lang.String,java.lang.String,java.lang.String,java.lang.String)[pri:0, instance:test.TC_006_InvalidFirstNameBook@4e3958e7]" started-at="2024-12-14T14:29:03 IST" name="InvalidFirstNameTest" data-provider="excelRead" finished-at="2024-12-14T14:29:14 IST" duration-ms="10104" status="PASS">
          <params>
            <param index="0">
              <value>
                <![CDATA[Harishscar]]>
              </value>
            </param>
            <param index="1">
              <value>
                <![CDATA[Harish@241552]]>
              </value>
            </param>
            <param index="2">
              <value>
                <![CDATA[ValidEmailandValidPassword]]>
              </value>
            </param>
            <param index="3">
              <value>
                <![CDATA[Hello Harishscar!]]>
              </value>
            </param>
            <param index="4">
              <value>
                <![CDATA[14/05/2025]]>
              </value>
            </param>
            <param index="5">
              <value>
                <![CDATA[17/05/2025]]>
              </value>
            </param>
            <param index="6">
              <value>
                <![CDATA[trendbount]]>
              </value>
            </param>
            <param index="7">
              <value>
                <![CDATA[shp]]>
              </value>
            </param>
            <param index="8">
              <value>
                <![CDATA[north street]]>
              </value>
            </param>
            <param index="9">
              <value>
                <![CDATA[9584231546987450]]>
              </value>
            </param>
            <param index="10">
              <value>
                <![CDATA[562]]>
              </value>
            </param>
          </params>
          <reporter-output>
          </reporter-output>
        </test-method> <!-- InvalidFirstNameTest -->
        <test-method is-config="true" signature="closeLauncher()[pri:0, instance:test.TC_006_InvalidFirstNameBook@4e3958e7]" started-at="2024-12-14T14:29:14 IST" name="closeLauncher" finished-at="2024-12-14T14:29:23 IST" duration-ms="9874" status="PASS">
          <reporter-output>
          </reporter-output>
        </test-method> <!-- closeLauncher -->
      </class> <!-- test.TC_006_InvalidFirstNameBook -->
      <class name="test.TC_009_InvalidSelectDateYear">
        <test-method is-config="true" signature="data()[pri:0, instance:test.TC_009_InvalidSelectDateYear@6f45df59]" started-at="2024-12-14T14:27:46 IST" name="data" finished-at="2024-12-14T14:27:46 IST" duration-ms="1" status="PASS">
          <reporter-output>
          </reporter-output>
        </test-method> <!-- data -->
        <test-method is-config="true" signature="launchLoadUrl(java.lang.String,java.lang.String)[pri:0, instance:test.TC_009_InvalidSelectDateYear@6f45df59]" started-at="2024-12-14T14:30:27 IST" name="launchLoadUrl" finished-at="2024-12-14T14:30:33 IST" duration-ms="5904" status="PASS">
          <params>
            <param index="0">
              <value>
                <![CDATA[https://adactinhotelapp.com/HotelAppBuild2/index.php]]>
              </value>
            </param>
            <param index="1">
              <value>
                <![CDATA[Chrome]]>
              </value>
            </param>
          </params>
          <reporter-output>
          </reporter-output>
        </test-method> <!-- launchLoadUrl -->
        <test-method signature="InvalidSelectDate(java.lang.String,java.lang.String,java.lang.String,java.lang.String,java.lang.String,java.lang.String,java.lang.String,java.lang.String,java.lang.String,java.lang.String,java.lang.String)[pri:0, instance:test.TC_009_InvalidSelectDateYear@6f45df59]" started-at="2024-12-14T14:30:33 IST" name="InvalidSelectDate" data-provider="excelRead" finished-at="2024-12-14T14:30:43 IST" duration-ms="9661" status="PASS">
          <params>
            <param index="0">
              <value>
                <![CDATA[Harishscar]]>
              </value>
            </param>
            <param index="1">
              <value>
                <![CDATA[Harish@241552]]>
              </value>
            </param>
            <param index="2">
              <value>
                <![CDATA[ValidEmailandValidPassword]]>
              </value>
            </param>
            <param index="3">
              <value>
                <![CDATA[Hello Harishscar!]]>
              </value>
            </param>
            <param index="4">
              <value>
                <![CDATA[14/05/2025]]>
              </value>
            </param>
            <param index="5">
              <value>
                <![CDATA[17/05/2025]]>
              </value>
            </param>
            <param index="6">
              <value>
                <![CDATA[trendbount]]>
              </value>
            </param>
            <param index="7">
              <value>
                <![CDATA[shp]]>
              </value>
            </param>
            <param index="8">
              <value>
                <![CDATA[north street]]>
              </value>
            </param>
            <param index="9">
              <value>
                <![CDATA[9584231546987450]]>
              </value>
            </param>
            <param index="10">
              <value>
                <![CDATA[562]]>
              </value>
            </param>
          </params>
          <reporter-output>
          </reporter-output>
        </test-method> <!-- InvalidSelectDate -->
        <test-method is-config="true" signature="closeLauncher()[pri:0, instance:test.TC_009_InvalidSelectDateYear@6f45df59]" started-at="2024-12-14T14:30:43 IST" name="closeLauncher" finished-at="2024-12-14T14:30:48 IST" duration-ms="5299" status="PASS">
          <reporter-output>
          </reporter-output>
        </test-method> <!-- closeLauncher -->
      </class> <!-- test.TC_009_InvalidSelectDateYear -->
      <class name="test.TC_008_InvalidSelectCreditCard">
        <test-method is-config="true" signature="data()[pri:0, instance:test.TC_008_InvalidSelectCreditCard@58ea606c]" started-at="2024-12-14T14:27:46 IST" name="data" finished-at="2024-12-14T14:27:46 IST" duration-ms="0" status="PASS">
          <reporter-output>
          </reporter-output>
        </test-method> <!-- data -->
        <test-method is-config="true" signature="launchLoadUrl(java.lang.String,java.lang.String)[pri:0, instance:test.TC_008_InvalidSelectCreditCard@58ea606c]" started-at="2024-12-14T14:30:08 IST" name="launchLoadUrl" finished-at="2024-12-14T14:30:13 IST" duration-ms="5376" status="PASS">
          <params>
            <param index="0">
              <value>
                <![CDATA[https://adactinhotelapp.com/HotelAppBuild2/index.php]]>
              </value>
            </param>
            <param index="1">
              <value>
                <![CDATA[Chrome]]>
              </value>
            </param>
          </params>
          <reporter-output>
          </reporter-output>
        </test-method> <!-- launchLoadUrl -->
        <test-method signature="InvalidSelectCreditCard(java.lang.String,java.lang.String,java.lang.String,java.lang.String,java.lang.String,java.lang.String,java.lang.String,java.lang.String,java.lang.String,java.lang.String,java.lang.String)[pri:0, instance:test.TC_008_InvalidSelectCreditCard@58ea606c]" started-at="2024-12-14T14:30:13 IST" name="InvalidSelectCreditCard" data-provider="excelRead" finished-at="2024-12-14T14:30:22 IST" duration-ms="8372" status="PASS">
          <params>
            <param index="0">
              <value>
                <![CDATA[Harishscar]]>
              </value>
            </param>
            <param index="1">
              <value>
                <![CDATA[Harish@241552]]>
              </value>
            </param>
            <param index="2">
              <value>
                <![CDATA[ValidEmailandValidPassword]]>
              </value>
            </param>
            <param index="3">
              <value>
                <![CDATA[Hello Harishscar!]]>
              </value>
            </param>
            <param index="4">
              <value>
                <![CDATA[14/05/2025]]>
              </value>
            </param>
            <param index="5">
              <value>
                <![CDATA[17/05/2025]]>
              </value>
            </param>
            <param index="6">
              <value>
                <![CDATA[trendbount]]>
              </value>
            </param>
            <param index="7">
              <value>
                <![CDATA[shp]]>
              </value>
            </param>
            <param index="8">
              <value>
                <![CDATA[north street]]>
              </value>
            </param>
            <param index="9">
              <value>
                <![CDATA[9584231546987450]]>
              </value>
            </param>
            <param index="10">
              <value>
                <![CDATA[562]]>
              </value>
            </param>
          </params>
          <reporter-output>
          </reporter-output>
        </test-method> <!-- InvalidSelectCreditCard -->
        <test-method is-config="true" signature="closeLauncher()[pri:0, instance:test.TC_008_InvalidSelectCreditCard@58ea606c]" started-at="2024-12-14T14:30:22 IST" name="closeLauncher" finished-at="2024-12-14T14:30:27 IST" duration-ms="5282" status="PASS">
          <reporter-output>
          </reporter-output>
        </test-method> <!-- closeLauncher -->
      </class> <!-- test.TC_008_InvalidSelectCreditCard -->
    </test> <!-- Test -->
  </suite> <!-- Suite -->
</testng-results>
